[debug] [2018-08-21T01:41:52.032Z] ----------------------------------------------------------------------
[debug] [2018-08-21T01:41:52.034Z] Command:       /usr/local/bin/node /usr/local/bin/firebase deploy
[debug] [2018-08-21T01:41:52.034Z] CLI Version:   4.1.2
[debug] [2018-08-21T01:41:52.034Z] Platform:      darwin
[debug] [2018-08-21T01:41:52.034Z] Node Version:  v10.8.0
[debug] [2018-08-21T01:41:52.036Z] Time:          Mon Aug 20 2018 21:41:52 GMT-0400 (Eastern Daylight Time)
[debug] [2018-08-21T01:41:52.036Z] ----------------------------------------------------------------------
[debug] 
[debug] [2018-08-21T01:41:52.048Z] > command requires scopes: ["email","openid","https://www.googleapis.com/auth/cloudplatformprojects.readonly","https://www.googleapis.com/auth/firebase","https://www.googleapis.com/auth/cloud-platform"]
[debug] [2018-08-21T01:41:52.048Z] > authorizing via signed-in user
[debug] [2018-08-21T01:41:52.050Z] > refreshing access token with scopes: ["email","https://www.googleapis.com/auth/cloud-platform","https://www.googleapis.com/auth/cloudplatformprojects.readonly","https://www.googleapis.com/auth/firebase","openid"]
[debug] [2018-08-21T01:41:52.050Z] >>> HTTP REQUEST POST https://www.googleapis.com/oauth2/v3/token  

[debug] [2018-08-21T01:41:52.253Z] <<< HTTP RESPONSE 200
[debug] [2018-08-21T01:41:52.264Z] >>> HTTP REQUEST GET https://admin.firebase.com/v1/projects/tribalopolis  
 
[debug] [2018-08-21T01:41:52.503Z] <<< HTTP RESPONSE 200
[info] 
[info] === Deploying to 'tribalopolis'...
[info] 
[info] i  deploying hosting
[debug] [2018-08-21T01:41:52.507Z] >>> HTTP REQUEST POST https://firebasehosting.googleapis.com/v1beta1/sites/tribalopolis/versions  

[debug] [2018-08-21T01:41:53.387Z] <<< HTTP RESPONSE 200
[debug] [2018-08-21T01:41:53.527Z] Error: EACCES: permission denied, scandir '/.DocumentRevisions-V100'
    at Object.readdirSync (fs.js:750:3)
    at GlobSync._readdir (/usr/local/lib/node_modules/firebase-tools/node_modules/glob/sync.js:288:41)
    at GlobSync._readdirInGlobStar (/usr/local/lib/node_modules/firebase-tools/node_modules/glob/sync.js:245:17)
    at GlobSync._readdir (/usr/local/lib/node_modules/firebase-tools/node_modules/glob/sync.js:276:17)
    at GlobSync._processReaddir (/usr/local/lib/node_modules/firebase-tools/node_modules/glob/sync.js:137:22)
    at GlobSync._process (/usr/local/lib/node_modules/firebase-tools/node_modules/glob/sync.js:132:10)
    at GlobSync._processGlobStar (/usr/local/lib/node_modules/firebase-tools/node_modules/glob/sync.js:380:10)
    at GlobSync._process (/usr/local/lib/node_modules/firebase-tools/node_modules/glob/sync.js:130:10)
    at new GlobSync (/usr/local/lib/node_modules/firebase-tools/node_modules/glob/sync.js:48:10)
    at globSync (/usr/local/lib/node_modules/firebase-tools/node_modules/glob/sync.js:26:10)
[error] 
[error] Error: An unexpected error has occurred.
